Mock Version: 1.4.20
ENTER ['do_with_status'](['bash', '--login', '-c', '/usr/bin/rpmbuild -bs --target x86_64 --nodeps /builddir/build/SPECS/pngquant.spec'], chrootPath='/var/lib/mock/epel-7-x86_64/root'env={'TERM': 'vt100', 'SHELL': '/bin/bash', 'HOME': '/builddir', 'HOSTNAME': 'mock', 'PATH': '/usr/bin:/bin:/usr/sbin:/sbin', 'PROMPT_COMMAND': 'printf "\\033]0;<mock-chroot>\\007"', 'PS1': '<mock-chroot> \\s-\\v\\$ ', 'LANG': 'C.UTF-8'}shell=Falselogger=<mockbuild.trace_decorator.getLog object at 0x7fd47533d5f8>timeout=0uid=1000gid=135user='mockbuild'nspawn_args=[]unshare_net=TrueprintOutput=True)
Executing command: ['bash', '--login', '-c', '/usr/bin/rpmbuild -bs --target x86_64 --nodeps /builddir/build/SPECS/pngquant.spec'] with env {'TERM': 'vt100', 'SHELL': '/bin/bash', 'HOME': '/builddir', 'HOSTNAME': 'mock', 'PATH': '/usr/bin:/bin:/usr/sbin:/sbin', 'PROMPT_COMMAND': 'printf "\\033]0;<mock-chroot>\\007"', 'PS1': '<mock-chroot> \\s-\\v\\$ ', 'LANG': 'C.UTF-8'} and shell False
Building target platforms: x86_64
Building for target x86_64
Wrote: /builddir/build/SRPMS/pngquant-2.12.5-1.el7.src.rpm
Child return code was: 0
ENTER ['do_with_status'](['bash', '--login', '-c', '/usr/bin/rpmbuild -bb --target x86_64 --nodeps /builddir/build/SPECS/pngquant.spec'], chrootPath='/var/lib/mock/epel-7-x86_64/root'env={'TERM': 'vt100', 'SHELL': '/bin/bash', 'HOME': '/builddir', 'HOSTNAME': 'mock', 'PATH': '/usr/bin:/bin:/usr/sbin:/sbin', 'PROMPT_COMMAND': 'printf "\\033]0;<mock-chroot>\\007"', 'PS1': '<mock-chroot> \\s-\\v\\$ ', 'LANG': 'C.UTF-8'}shell=Falselogger=<mockbuild.trace_decorator.getLog object at 0x7fd47533d5f8>timeout=0uid=1000gid=135user='mockbuild'nspawn_args=[]unshare_net=TrueprintOutput=True)
Executing command: ['bash', '--login', '-c', '/usr/bin/rpmbuild -bb --target x86_64 --nodeps /builddir/build/SPECS/pngquant.spec'] with env {'TERM': 'vt100', 'SHELL': '/bin/bash', 'HOME': '/builddir', 'HOSTNAME': 'mock', 'PATH': '/usr/bin:/bin:/usr/sbin:/sbin', 'PROMPT_COMMAND': 'printf "\\033]0;<mock-chroot>\\007"', 'PS1': '<mock-chroot> \\s-\\v\\$ ', 'LANG': 'C.UTF-8'} and shell False
Building target platforms: x86_64
Building for target x86_64
Executing(%prep): /bin/sh -e /var/tmp/rpm-tmp.tzsEWC
+ umask 022
+ cd /builddir/build/BUILD
+ cd /builddir/build/BUILD
+ rm -rf pngquant-2.12.5
+ /usr/bin/gzip -dc /builddir/build/SOURCES/pngquant-2.12.5.tar.gz
+ /usr/bin/tar -xf -
+ STATUS=0
+ '[' 0 -ne 0 ']'
+ cd pngquant-2.12.5
+ /usr/bin/chmod -Rf a+rX,u+w,g-w,o-w .
Patch #1 (pngquant-old_libpng.patch):
+ echo 'Patch #1 (pngquant-old_libpng.patch):'
+ /usr/bin/cat /builddir/build/SOURCES/pngquant-old_libpng.patch
+ /usr/bin/patch -p1 -b --suffix .oldlibpng --fuzz=0
patching file test/test.sh
+ scl enable devtoolset-7 bash
+ cd /builddir/build/BUILD
+ tar -xvvf -
+ gzip -dc /builddir/build/SOURCES/libpng-1.6.37.tar.gz
+ cd libpng-1.6.37
+ /usr/bin/chmod -Rf a+rX,u+w,g-w,o-w .
+ mv /builddir/build/BUILD/libpng-1.6.37 /builddir/build/BUILD/pngquant-2.12.5/libpng
+ exit 0
Executing(%build): /bin/sh -e /var/tmp/rpm-tmp.h1qSH1
+ umask 022
+ cd /builddir/build/BUILD
+ cd pngquant-2.12.5
+ cd /builddir/build/BUILD/pngquant-2.12.5/libpng
+ ./configure --enable-static
checking for a BSD-compatible install... /usr/bin/install -c
checking whether build environment is sane... yes
checking for a thread-safe mkdir -p... /usr/bin/mkdir -p
checking for gawk... gawk
checking whether make sets $(MAKE)... yes
checking whether make supports nested variables... yes
checking whether to enable maintainer-specific portions of Makefiles... no
checking for gcc... gcc
checking whether the C compiler works... yes
checking for C compiler default output file name... a.out
checking for suffix of executables... 
checking whether we are cross compiling... no
checking for suffix of object files... o
checking whether we are using the GNU C compiler... yes
checking whether gcc accepts -g... yes
checking for gcc option to accept ISO C89... none needed
checking whether gcc understands -c and -o together... yes
checking whether make supports the include directive... yes (GNU style)
checking dependency style of gcc... gcc3
checking dependency style of gcc... gcc3
checking build system type... x86_64-pc-linux-gnu
checking host system type... x86_64-pc-linux-gnu
checking for a sed that does not truncate output... /usr/bin/sed
checking for grep that handles long lines and -e... /usr/bin/grep
checking for egrep... /usr/bin/grep -E
checking for fgrep... /usr/bin/grep -F
checking how to print strings... printf
checking for ld used by gcc... /usr/bin/ld
checking if the linker (/usr/bin/ld) is GNU ld... yes
checking how to run the C preprocessor... gcc -E
checking for gawk... (cached) gawk
checking whether ln -s works... yes
checking whether make sets $(MAKE)... (cached) yes
checking for BSD- or MS-compatible name lister (nm)... /usr/bin/nm -B
checking the name lister (/usr/bin/nm -B) interface... BSD nm
checking the maximum length of command line arguments... 1572864
checking how to convert x86_64-pc-linux-gnu file names to x86_64-pc-linux-gnu format... func_convert_file_noop
checking how to convert x86_64-pc-linux-gnu file names to toolchain format... func_convert_file_noop
checking for /usr/bin/ld option to reload object files... -r
checking for objdump... objdump
checking how to recognize dependent libraries... pass_all
checking for dlltool... no
checking how to associate runtime and link libraries... printf %s\n
checking for ar... ar
checking for archiver @FILE support... @
checking for strip... strip
checking for ranlib... ranlib
checking command to parse /usr/bin/nm -B output from gcc object... ok
checking for sysroot... no
checking for a working dd... /usr/bin/dd
checking how to truncate binary pipes... /usr/bin/dd bs=4096 count=1
checking for mt... no
checking if : is a manifest tool... no
checking for ANSI C header files... yes
checking for sys/types.h... yes
checking for sys/stat.h... yes
checking for stdlib.h... yes
checking for string.h... yes
checking for memory.h... yes
checking for strings.h... yes
checking for inttypes.h... yes
checking for stdint.h... yes
checking for unistd.h... yes
checking for dlfcn.h... yes
checking for objdir... .libs
checking if gcc supports -fno-rtti -fno-exceptions... no
checking for gcc option to produce PIC... -fPIC -DPIC
checking if gcc PIC flag -fPIC -DPIC works... yes
checking if gcc static flag -static works... no
checking if gcc supports -c -o file.o... yes
checking if gcc supports -c -o file.o... (cached) yes
checking whether the gcc linker (/usr/bin/ld -m elf_x86_64) supports shared libraries... yes
checking whether -lc should be explicitly linked in... no
checking dynamic linker characteristics... GNU/Linux ld.so
checking how to hardcode library paths into programs... immediate
checking whether stripping libraries is possible... yes
checking if libtool supports shared libraries... yes
checking whether to build shared libraries... yes
checking whether to build static libraries... yes
checking that AWK works... ok
checking if we need to force back C standard to C89... no
checking for ANSI C header files... (cached) yes
checking for an ANSI C-conforming const... yes
checking for size_t... yes
checking whether struct tm is in sys/time.h or time.h... time.h
checking for C/C++ restrict keyword... __restrict
checking for working strtod... yes
checking for pow... no
checking for pow in -lm... yes
checking for clock_gettime... yes
checking for zlibVersion in -lz... yes
checking for feenableexcept in -lm... yes
checking for feenableexcept... yes
checking if using Solaris linker... no
checking if libraries can be versioned... yes
checking for symbol prefix... 
configure: pkgconfig directory is ${libdir}/pkgconfig
configure: Extra options for compiler: 
checking that generated files are newer than configure... done
configure: creating ./config.status
config.status: creating Makefile
config.status: creating libpng.pc
config.status: creating libpng-config
config.status: creating config.h
config.status: executing depfiles commands
config.status: executing libtool commands
+ make
rm -f pnglibconf.c pnglibconf.tf[45]
gawk -f ./scripts/options.awk out=pnglibconf.tf4 version=search\
    ./pngconf.h ./scripts/pnglibconf.dfa\
    ./pngusr.dfa  1>&2
gawk -f ./scripts/options.awk out=pnglibconf.tf5 pnglibconf.tf4 1>&2
rm pnglibconf.tf4
mv pnglibconf.tf5 pnglibconf.c
rm -f pnglibconf.out pnglibconf.tf[12]
test -d scripts || mkdir scripts || test -d scripts
gcc -E -DHAVE_CONFIG_H -I. \
     -DPNGLIB_LIBNAME='PNG16_0' -DPNGLIB_VERSION='1.6.37' -DSYMBOL_PREFIX='' -DPNG_NO_USE_READ_MACROS -DPNG_BUILDING_SYMBOL_TABLE  pnglibconf.c > pnglibconf.tf1
gawk -f "./scripts/dfn.awk" out="pnglibconf.tf2" pnglibconf.tf1 1>&2
rm -f pnglibconf.tf1
mv pnglibconf.tf2 pnglibconf.out
rm -f pnglibconf.h
cp pnglibconf.out pnglibconf.h
make  all-am
make[1]: Entering directory `/builddir/build/BUILD/pngquant-2.12.5/libpng'
depbase=`echo contrib/tools/pngfix.o | sed 's|[^/]*$|.deps/&|;s|\.o$||'`;\
gcc -DHAVE_CONFIG_H -I.     -g -O2 -MT contrib/tools/pngfix.o -MD -MP -MF $depbase.Tpo -c -o contrib/tools/pngfix.o contrib/tools/pngfix.c &&\
mv -f $depbase.Tpo $depbase.Po
:>pngprefix.h
depbase=`echo png.lo | sed 's|[^/]*$|.deps/&|;s|\.lo$||'`;\
/bin/sh ./libtool  --tag=CC   --mode=compile gcc -DHAVE_CONFIG_H -I.     -g -O2 -MT png.lo -MD -MP -MF $depbase.Tpo -c -o png.lo png.c &&\
mv -f $depbase.Tpo $depbase.Plo
libtool: compile:  gcc -DHAVE_CONFIG_H -I. -g -O2 -MT png.lo -MD -MP -MF .deps/png.Tpo -c png.c  -fPIC -DPIC -o .libs/png.o
libtool: compile:  gcc -DHAVE_CONFIG_H -I. -g -O2 -MT png.lo -MD -MP -MF .deps/png.Tpo -c png.c -o png.o >/dev/null 2>&1
depbase=`echo pngerror.lo | sed 's|[^/]*$|.deps/&|;s|\.lo$||'`;\
/bin/sh ./libtool  --tag=CC   --mode=compile gcc -DHAVE_CONFIG_H -I.     -g -O2 -MT pngerror.lo -MD -MP -MF $depbase.Tpo -c -o pngerror.lo pngerror.c &&\
mv -f $depbase.Tpo $depbase.Plo
libtool: compile:  gcc -DHAVE_CONFIG_H -I. -g -O2 -MT pngerror.lo -MD -MP -MF .deps/pngerror.Tpo -c pngerror.c  -fPIC -DPIC -o .libs/pngerror.o
libtool: compile:  gcc -DHAVE_CONFIG_H -I. -g -O2 -MT pngerror.lo -MD -MP -MF .deps/pngerror.Tpo -c pngerror.c -o pngerror.o >/dev/null 2>&1
depbase=`echo pngget.lo | sed 's|[^/]*$|.deps/&|;s|\.lo$||'`;\
/bin/sh ./libtool  --tag=CC   --mode=compile gcc -DHAVE_CONFIG_H -I.     -g -O2 -MT pngget.lo -MD -MP -MF $depbase.Tpo -c -o pngget.lo pngget.c &&\
mv -f $depbase.Tpo $depbase.Plo
libtool: compile:  gcc -DHAVE_CONFIG_H -I. -g -O2 -MT pngget.lo -MD -MP -MF .deps/pngget.Tpo -c pngget.c  -fPIC -DPIC -o .libs/pngget.o
libtool: compile:  gcc -DHAVE_CONFIG_H -I. -g -O2 -MT pngget.lo -MD -MP -MF .deps/pngget.Tpo -c pngget.c -o pngget.o >/dev/null 2>&1
depbase=`echo pngmem.lo | sed 's|[^/]*$|.deps/&|;s|\.lo$||'`;\
/bin/sh ./libtool  --tag=CC   --mode=compile gcc -DHAVE_CONFIG_H -I.     -g -O2 -MT pngmem.lo -MD -MP -MF $depbase.Tpo -c -o pngmem.lo pngmem.c &&\
mv -f $depbase.Tpo $depbase.Plo
libtool: compile:  gcc -DHAVE_CONFIG_H -I. -g -O2 -MT pngmem.lo -MD -MP -MF .deps/pngmem.Tpo -c pngmem.c  -fPIC -DPIC -o .libs/pngmem.o
libtool: compile:  gcc -DHAVE_CONFIG_H -I. -g -O2 -MT pngmem.lo -MD -MP -MF .deps/pngmem.Tpo -c pngmem.c -o pngmem.o >/dev/null 2>&1
depbase=`echo pngpread.lo | sed 's|[^/]*$|.deps/&|;s|\.lo$||'`;\
/bin/sh ./libtool  --tag=CC   --mode=compile gcc -DHAVE_CONFIG_H -I.     -g -O2 -MT pngpread.lo -MD -MP -MF $depbase.Tpo -c -o pngpread.lo pngpread.c &&\
mv -f $depbase.Tpo $depbase.Plo
libtool: compile:  gcc -DHAVE_CONFIG_H -I. -g -O2 -MT pngpread.lo -MD -MP -MF .deps/pngpread.Tpo -c pngpread.c  -fPIC -DPIC -o .libs/pngpread.o
libtool: compile:  gcc -DHAVE_CONFIG_H -I. -g -O2 -MT pngpread.lo -MD -MP -MF .deps/pngpread.Tpo -c pngpread.c -o pngpread.o >/dev/null 2>&1
depbase=`echo pngread.lo | sed 's|[^/]*$|.deps/&|;s|\.lo$||'`;\
/bin/sh ./libtool  --tag=CC   --mode=compile gcc -DHAVE_CONFIG_H -I.     -g -O2 -MT pngread.lo -MD -MP -MF $depbase.Tpo -c -o pngread.lo pngread.c &&\
mv -f $depbase.Tpo $depbase.Plo
libtool: compile:  gcc -DHAVE_CONFIG_H -I. -g -O2 -MT pngread.lo -MD -MP -MF .deps/pngread.Tpo -c pngread.c  -fPIC -DPIC -o .libs/pngread.o
libtool: compile:  gcc -DHAVE_CONFIG_H -I. -g -O2 -MT pngread.lo -MD -MP -MF .deps/pngread.Tpo -c pngread.c -o pngread.o >/dev/null 2>&1
depbase=`echo pngrio.lo | sed 's|[^/]*$|.deps/&|;s|\.lo$||'`;\
/bin/sh ./libtool  --tag=CC   --mode=compile gcc -DHAVE_CONFIG_H -I.     -g -O2 -MT pngrio.lo -MD -MP -MF $depbase.Tpo -c -o pngrio.lo pngrio.c &&\
mv -f $depbase.Tpo $depbase.Plo
libtool: compile:  gcc -DHAVE_CONFIG_H -I. -g -O2 -MT pngrio.lo -MD -MP -MF .deps/pngrio.Tpo -c pngrio.c  -fPIC -DPIC -o .libs/pngrio.o
libtool: compile:  gcc -DHAVE_CONFIG_H -I. -g -O2 -MT pngrio.lo -MD -MP -MF .deps/pngrio.Tpo -c pngrio.c -o pngrio.o >/dev/null 2>&1
depbase=`echo pngrtran.lo | sed 's|[^/]*$|.deps/&|;s|\.lo$||'`;\
/bin/sh ./libtool  --tag=CC   --mode=compile gcc -DHAVE_CONFIG_H -I.     -g -O2 -MT pngrtran.lo -MD -MP -MF $depbase.Tpo -c -o pngrtran.lo pngrtran.c &&\
mv -f $depbase.Tpo $depbase.Plo
libtool: compile:  gcc -DHAVE_CONFIG_H -I. -g -O2 -MT pngrtran.lo -MD -MP -MF .deps/pngrtran.Tpo -c pngrtran.c  -fPIC -DPIC -o .libs/pngrtran.o
libtool: compile:  gcc -DHAVE_CONFIG_H -I. -g -O2 -MT pngrtran.lo -MD -MP -MF .deps/pngrtran.Tpo -c pngrtran.c -o pngrtran.o >/dev/null 2>&1
depbase=`echo pngrutil.lo | sed 's|[^/]*$|.deps/&|;s|\.lo$||'`;\
/bin/sh ./libtool  --tag=CC   --mode=compile gcc -DHAVE_CONFIG_H -I.     -g -O2 -MT pngrutil.lo -MD -MP -MF $depbase.Tpo -c -o pngrutil.lo pngrutil.c &&\
mv -f $depbase.Tpo $depbase.Plo
libtool: compile:  gcc -DHAVE_CONFIG_H -I. -g -O2 -MT pngrutil.lo -MD -MP -MF .deps/pngrutil.Tpo -c pngrutil.c  -fPIC -DPIC -o .libs/pngrutil.o
libtool: compile:  gcc -DHAVE_CONFIG_H -I. -g -O2 -MT pngrutil.lo -MD -MP -MF .deps/pngrutil.Tpo -c pngrutil.c -o pngrutil.o >/dev/null 2>&1
depbase=`echo pngset.lo | sed 's|[^/]*$|.deps/&|;s|\.lo$||'`;\
/bin/sh ./libtool  --tag=CC   --mode=compile gcc -DHAVE_CONFIG_H -I.     -g -O2 -MT pngset.lo -MD -MP -MF $depbase.Tpo -c -o pngset.lo pngset.c &&\
mv -f $depbase.Tpo $depbase.Plo
libtool: compile:  gcc -DHAVE_CONFIG_H -I. -g -O2 -MT pngset.lo -MD -MP -MF .deps/pngset.Tpo -c pngset.c  -fPIC -DPIC -o .libs/pngset.o
libtool: compile:  gcc -DHAVE_CONFIG_H -I. -g -O2 -MT pngset.lo -MD -MP -MF .deps/pngset.Tpo -c pngset.c -o pngset.o >/dev/null 2>&1
depbase=`echo pngtrans.lo | sed 's|[^/]*$|.deps/&|;s|\.lo$||'`;\
/bin/sh ./libtool  --tag=CC   --mode=compile gcc -DHAVE_CONFIG_H -I.     -g -O2 -MT pngtrans.lo -MD -MP -MF $depbase.Tpo -c -o pngtrans.lo pngtrans.c &&\
mv -f $depbase.Tpo $depbase.Plo
libtool: compile:  gcc -DHAVE_CONFIG_H -I. -g -O2 -MT pngtrans.lo -MD -MP -MF .deps/pngtrans.Tpo -c pngtrans.c  -fPIC -DPIC -o .libs/pngtrans.o
libtool: compile:  gcc -DHAVE_CONFIG_H -I. -g -O2 -MT pngtrans.lo -MD -MP -MF .deps/pngtrans.Tpo -c pngtrans.c -o pngtrans.o >/dev/null 2>&1
depbase=`echo pngwio.lo | sed 's|[^/]*$|.deps/&|;s|\.lo$||'`;\
/bin/sh ./libtool  --tag=CC   --mode=compile gcc -DHAVE_CONFIG_H -I.     -g -O2 -MT pngwio.lo -MD -MP -MF $depbase.Tpo -c -o pngwio.lo pngwio.c &&\
mv -f $depbase.Tpo $depbase.Plo
libtool: compile:  gcc -DHAVE_CONFIG_H -I. -g -O2 -MT pngwio.lo -MD -MP -MF .deps/pngwio.Tpo -c pngwio.c  -fPIC -DPIC -o .libs/pngwio.o
libtool: compile:  gcc -DHAVE_CONFIG_H -I. -g -O2 -MT pngwio.lo -MD -MP -MF .deps/pngwio.Tpo -c pngwio.c -o pngwio.o >/dev/null 2>&1
depbase=`echo pngwrite.lo | sed 's|[^/]*$|.deps/&|;s|\.lo$||'`;\
/bin/sh ./libtool  --tag=CC   --mode=compile gcc -DHAVE_CONFIG_H -I.     -g -O2 -MT pngwrite.lo -MD -MP -MF $depbase.Tpo -c -o pngwrite.lo pngwrite.c &&\
mv -f $depbase.Tpo $depbase.Plo
libtool: compile:  gcc -DHAVE_CONFIG_H -I. -g -O2 -MT pngwrite.lo -MD -MP -MF .deps/pngwrite.Tpo -c pngwrite.c  -fPIC -DPIC -o .libs/pngwrite.o
libtool: compile:  gcc -DHAVE_CONFIG_H -I. -g -O2 -MT pngwrite.lo -MD -MP -MF .deps/pngwrite.Tpo -c pngwrite.c -o pngwrite.o >/dev/null 2>&1
depbase=`echo pngwtran.lo | sed 's|[^/]*$|.deps/&|;s|\.lo$||'`;\
/bin/sh ./libtool  --tag=CC   --mode=compile gcc -DHAVE_CONFIG_H -I.     -g -O2 -MT pngwtran.lo -MD -MP -MF $depbase.Tpo -c -o pngwtran.lo pngwtran.c &&\
mv -f $depbase.Tpo $depbase.Plo
libtool: compile:  gcc -DHAVE_CONFIG_H -I. -g -O2 -MT pngwtran.lo -MD -MP -MF .deps/pngwtran.Tpo -c pngwtran.c  -fPIC -DPIC -o .libs/pngwtran.o
libtool: compile:  gcc -DHAVE_CONFIG_H -I. -g -O2 -MT pngwtran.lo -MD -MP -MF .deps/pngwtran.Tpo -c pngwtran.c -o pngwtran.o >/dev/null 2>&1
depbase=`echo pngwutil.lo | sed 's|[^/]*$|.deps/&|;s|\.lo$||'`;\
/bin/sh ./libtool  --tag=CC   --mode=compile gcc -DHAVE_CONFIG_H -I.     -g -O2 -MT pngwutil.lo -MD -MP -MF $depbase.Tpo -c -o pngwutil.lo pngwutil.c &&\
mv -f $depbase.Tpo $depbase.Plo
libtool: compile:  gcc -DHAVE_CONFIG_H -I. -g -O2 -MT pngwutil.lo -MD -MP -MF .deps/pngwutil.Tpo -c pngwutil.c  -fPIC -DPIC -o .libs/pngwutil.o
libtool: compile:  gcc -DHAVE_CONFIG_H -I. -g -O2 -MT pngwutil.lo -MD -MP -MF .deps/pngwutil.Tpo -c pngwutil.c -o pngwutil.o >/dev/null 2>&1
depbase=`echo mips/mips_init.lo | sed 's|[^/]*$|.deps/&|;s|\.lo$||'`;\
/bin/sh ./libtool  --tag=CC   --mode=compile gcc -DHAVE_CONFIG_H -I.     -g -O2 -MT mips/mips_init.lo -MD -MP -MF $depbase.Tpo -c -o mips/mips_init.lo mips/mips_init.c &&\
mv -f $depbase.Tpo $depbase.Plo
libtool: compile:  gcc -DHAVE_CONFIG_H -I. -g -O2 -MT mips/mips_init.lo -MD -MP -MF mips/.deps/mips_init.Tpo -c mips/mips_init.c  -fPIC -DPIC -o mips/.libs/mips_init.o
libtool: compile:  gcc -DHAVE_CONFIG_H -I. -g -O2 -MT mips/mips_init.lo -MD -MP -MF mips/.deps/mips_init.Tpo -c mips/mips_init.c -o mips/mips_init.o >/dev/null 2>&1
depbase=`echo mips/filter_msa_intrinsics.lo | sed 's|[^/]*$|.deps/&|;s|\.lo$||'`;\
/bin/sh ./libtool  --tag=CC   --mode=compile gcc -DHAVE_CONFIG_H -I.     -g -O2 -MT mips/filter_msa_intrinsics.lo -MD -MP -MF $depbase.Tpo -c -o mips/filter_msa_intrinsics.lo mips/filter_msa_intrinsics.c &&\
mv -f $depbase.Tpo $depbase.Plo
libtool: compile:  gcc -DHAVE_CONFIG_H -I. -g -O2 -MT mips/filter_msa_intrinsics.lo -MD -MP -MF mips/.deps/filter_msa_intrinsics.Tpo -c mips/filter_msa_intrinsics.c  -fPIC -DPIC -o mips/.libs/filter_msa_intrinsics.o
libtool: compile:  gcc -DHAVE_CONFIG_H -I. -g -O2 -MT mips/filter_msa_intrinsics.lo -MD -MP -MF mips/.deps/filter_msa_intrinsics.Tpo -c mips/filter_msa_intrinsics.c -o mips/filter_msa_intrinsics.o >/dev/null 2>&1
depbase=`echo intel/intel_init.lo | sed 's|[^/]*$|.deps/&|;s|\.lo$||'`;\
/bin/sh ./libtool  --tag=CC   --mode=compile gcc -DHAVE_CONFIG_H -I.     -g -O2 -MT intel/intel_init.lo -MD -MP -MF $depbase.Tpo -c -o intel/intel_init.lo intel/intel_init.c &&\
mv -f $depbase.Tpo $depbase.Plo
libtool: compile:  gcc -DHAVE_CONFIG_H -I. -g -O2 -MT intel/intel_init.lo -MD -MP -MF intel/.deps/intel_init.Tpo -c intel/intel_init.c  -fPIC -DPIC -o intel/.libs/intel_init.o
libtool: compile:  gcc -DHAVE_CONFIG_H -I. -g -O2 -MT intel/intel_init.lo -MD -MP -MF intel/.deps/intel_init.Tpo -c intel/intel_init.c -o intel/intel_init.o >/dev/null 2>&1
depbase=`echo intel/filter_sse2_intrinsics.lo | sed 's|[^/]*$|.deps/&|;s|\.lo$||'`;\
/bin/sh ./libtool  --tag=CC   --mode=compile gcc -DHAVE_CONFIG_H -I.     -g -O2 -MT intel/filter_sse2_intrinsics.lo -MD -MP -MF $depbase.Tpo -c -o intel/filter_sse2_intrinsics.lo intel/filter_sse2_intrinsics.c &&\
mv -f $depbase.Tpo $depbase.Plo
libtool: compile:  gcc -DHAVE_CONFIG_H -I. -g -O2 -MT intel/filter_sse2_intrinsics.lo -MD -MP -MF intel/.deps/filter_sse2_intrinsics.Tpo -c intel/filter_sse2_intrinsics.c  -fPIC -DPIC -o intel/.libs/filter_sse2_intrinsics.o
libtool: compile:  gcc -DHAVE_CONFIG_H -I. -g -O2 -MT intel/filter_sse2_intrinsics.lo -MD -MP -MF intel/.deps/filter_sse2_intrinsics.Tpo -c intel/filter_sse2_intrinsics.c -o intel/filter_sse2_intrinsics.o >/dev/null 2>&1
depbase=`echo powerpc/powerpc_init.lo | sed 's|[^/]*$|.deps/&|;s|\.lo$||'`;\
/bin/sh ./libtool  --tag=CC   --mode=compile gcc -DHAVE_CONFIG_H -I.     -g -O2 -MT powerpc/powerpc_init.lo -MD -MP -MF $depbase.Tpo -c -o powerpc/powerpc_init.lo powerpc/powerpc_init.c &&\
mv -f $depbase.Tpo $depbase.Plo
libtool: compile:  gcc -DHAVE_CONFIG_H -I. -g -O2 -MT powerpc/powerpc_init.lo -MD -MP -MF powerpc/.deps/powerpc_init.Tpo -c powerpc/powerpc_init.c  -fPIC -DPIC -o powerpc/.libs/powerpc_init.o
libtool: compile:  gcc -DHAVE_CONFIG_H -I. -g -O2 -MT powerpc/powerpc_init.lo -MD -MP -MF powerpc/.deps/powerpc_init.Tpo -c powerpc/powerpc_init.c -o powerpc/powerpc_init.o >/dev/null 2>&1
depbase=`echo powerpc/filter_vsx_intrinsics.lo | sed 's|[^/]*$|.deps/&|;s|\.lo$||'`;\
/bin/sh ./libtool  --tag=CC   --mode=compile gcc -DHAVE_CONFIG_H -I.     -g -O2 -MT powerpc/filter_vsx_intrinsics.lo -MD -MP -MF $depbase.Tpo -c -o powerpc/filter_vsx_intrinsics.lo powerpc/filter_vsx_intrinsics.c &&\
mv -f $depbase.Tpo $depbase.Plo
libtool: compile:  gcc -DHAVE_CONFIG_H -I. -g -O2 -MT powerpc/filter_vsx_intrinsics.lo -MD -MP -MF powerpc/.deps/filter_vsx_intrinsics.Tpo -c powerpc/filter_vsx_intrinsics.c  -fPIC -DPIC -o powerpc/.libs/filter_vsx_intrinsics.o
libtool: compile:  gcc -DHAVE_CONFIG_H -I. -g -O2 -MT powerpc/filter_vsx_intrinsics.lo -MD -MP -MF powerpc/.deps/filter_vsx_intrinsics.Tpo -c powerpc/filter_vsx_intrinsics.c -o powerpc/filter_vsx_intrinsics.o >/dev/null 2>&1
rm -f scripts/vers.out scripts/vers.tf[12]
test -d scripts || mkdir scripts || test -d scripts
gcc -E -DHAVE_CONFIG_H -I. \
     -DPNGLIB_LIBNAME='PNG16_0' -DPNGLIB_VERSION='1.6.37' -DSYMBOL_PREFIX='' -DPNG_NO_USE_READ_MACROS -DPNG_BUILDING_SYMBOL_TABLE  scripts/vers.c > scripts/vers.tf1
gawk -f "./scripts/dfn.awk" out="scripts/vers.tf2" scripts/vers.tf1 1>&2
rm -f scripts/vers.tf1
mv scripts/vers.tf2 scripts/vers.out
rm -f libpng.vers
cp scripts/vers.out libpng.vers
/bin/sh ./libtool  --tag=CC   --mode=link gcc  -g -O2 -no-undefined -export-dynamic -version-number 16:37:0  -Wl,--version-script=libpng.vers   -o libpng16.la -rpath /usr/local/lib png.lo pngerror.lo pngget.lo pngmem.lo pngpread.lo pngread.lo pngrio.lo pngrtran.lo pngrutil.lo pngset.lo pngtrans.lo pngwio.lo pngwrite.lo pngwtran.lo pngwutil.lo  mips/mips_init.lo mips/filter_msa_intrinsics.lo intel/intel_init.lo intel/filter_sse2_intrinsics.lo powerpc/powerpc_init.lo powerpc/filter_vsx_intrinsics.lo   -lm -lz -lm 
libtool: link: gcc -shared  -fPIC -DPIC  .libs/png.o .libs/pngerror.o .libs/pngget.o .libs/pngmem.o .libs/pngpread.o .libs/pngread.o .libs/pngrio.o .libs/pngrtran.o .libs/pngrutil.o .libs/pngset.o .libs/pngtrans.o .libs/pngwio.o .libs/pngwrite.o .libs/pngwtran.o .libs/pngwutil.o mips/.libs/mips_init.o mips/.libs/filter_msa_intrinsics.o intel/.libs/intel_init.o intel/.libs/filter_sse2_intrinsics.o powerpc/.libs/powerpc_init.o powerpc/.libs/filter_vsx_intrinsics.o   -lz -lm  -g -O2 -Wl,--version-script=libpng.vers   -Wl,-soname -Wl,libpng16.so.16 -o .libs/libpng16.so.16.37.0
libtool: link: (cd ".libs" && rm -f "libpng16.so.16" && ln -s "libpng16.so.16.37.0" "libpng16.so.16")
libtool: link: (cd ".libs" && rm -f "libpng16.so" && ln -s "libpng16.so.16.37.0" "libpng16.so")
libtool: link: ar cru .libs/libpng16.a  png.o pngerror.o pngget.o pngmem.o pngpread.o pngread.o pngrio.o pngrtran.o pngrutil.o pngset.o pngtrans.o pngwio.o pngwrite.o pngwtran.o pngwutil.o mips/mips_init.o mips/filter_msa_intrinsics.o intel/intel_init.o intel/filter_sse2_intrinsics.o powerpc/powerpc_init.o powerpc/filter_vsx_intrinsics.o
libtool: link: ranlib .libs/libpng16.a
libtool: link: ( cd ".libs" && rm -f "libpng16.la" && ln -s "../libpng16.la" "libpng16.la" )
/bin/sh ./libtool  --tag=CC   --mode=link gcc  -g -O2   -o pngfix contrib/tools/pngfix.o libpng16.la -lm -lz -lm 
libtool: link: gcc -g -O2 -o .libs/pngfix contrib/tools/pngfix.o  ./.libs/libpng16.so -lz -lm -Wl,-rpath -Wl,/usr/local/lib
depbase=`echo contrib/tools/png-fix-itxt.o | sed 's|[^/]*$|.deps/&|;s|\.o$||'`;\
gcc -DHAVE_CONFIG_H -I.     -g -O2 -MT contrib/tools/png-fix-itxt.o -MD -MP -MF $depbase.Tpo -c -o contrib/tools/png-fix-itxt.o contrib/tools/png-fix-itxt.c &&\
mv -f $depbase.Tpo $depbase.Po
/bin/sh ./libtool  --tag=CC   --mode=link gcc  -g -O2   -o png-fix-itxt contrib/tools/png-fix-itxt.o  -lm -lz -lm 
libtool: link: gcc -g -O2 -o png-fix-itxt contrib/tools/png-fix-itxt.o  -lz -lm
cp libpng-config libpng16-config
cp libpng.pc libpng16.pc
depbase=`echo pngtest.o | sed 's|[^/]*$|.deps/&|;s|\.o$||'`;\
gcc -DHAVE_CONFIG_H -I.     -g -O2 -MT pngtest.o -MD -MP -MF $depbase.Tpo -c -o pngtest.o pngtest.c &&\
mv -f $depbase.Tpo $depbase.Po
/bin/sh ./libtool  --tag=CC   --mode=link gcc  -g -O2   -o pngtest pngtest.o libpng16.la -lm -lz -lm 
libtool: link: gcc -g -O2 -o .libs/pngtest pngtest.o  ./.libs/libpng16.so -lz -lm -Wl,-rpath -Wl,/usr/local/lib
depbase=`echo contrib/libtests/pngunknown.o | sed 's|[^/]*$|.deps/&|;s|\.o$||'`;\
gcc -DHAVE_CONFIG_H -I.     -g -O2 -MT contrib/libtests/pngunknown.o -MD -MP -MF $depbase.Tpo -c -o contrib/libtests/pngunknown.o contrib/libtests/pngunknown.c &&\
mv -f $depbase.Tpo $depbase.Po
/bin/sh ./libtool  --tag=CC   --mode=link gcc  -g -O2   -o pngunknown contrib/libtests/pngunknown.o libpng16.la -lm -lz -lm 
libtool: link: gcc -g -O2 -o .libs/pngunknown contrib/libtests/pngunknown.o  ./.libs/libpng16.so -lz -lm -Wl,-rpath -Wl,/usr/local/lib
depbase=`echo contrib/libtests/pngstest.o | sed 's|[^/]*$|.deps/&|;s|\.o$||'`;\
gcc -DHAVE_CONFIG_H -I.     -g -O2 -MT contrib/libtests/pngstest.o -MD -MP -MF $depbase.Tpo -c -o contrib/libtests/pngstest.o contrib/libtests/pngstest.c &&\
mv -f $depbase.Tpo $depbase.Po
/bin/sh ./libtool  --tag=CC   --mode=link gcc  -g -O2   -o pngstest contrib/libtests/pngstest.o libpng16.la -lm -lz -lm 
libtool: link: gcc -g -O2 -o .libs/pngstest contrib/libtests/pngstest.o  ./.libs/libpng16.so -lz -lm -Wl,-rpath -Wl,/usr/local/lib
depbase=`echo contrib/libtests/pngvalid.o | sed 's|[^/]*$|.deps/&|;s|\.o$||'`;\
gcc -DHAVE_CONFIG_H -I.     -g -O2 -MT contrib/libtests/pngvalid.o -MD -MP -MF $depbase.Tpo -c -o contrib/libtests/pngvalid.o contrib/libtests/pngvalid.c &&\
mv -f $depbase.Tpo $depbase.Po
/bin/sh ./libtool  --tag=CC   --mode=link gcc  -g -O2   -o pngvalid contrib/libtests/pngvalid.o libpng16.la -lm -lz -lm 
libtool: link: gcc -g -O2 -o .libs/pngvalid contrib/libtests/pngvalid.o  ./.libs/libpng16.so -lz -lm -Wl,-rpath -Wl,/usr/local/lib
depbase=`echo contrib/libtests/pngimage.o | sed 's|[^/]*$|.deps/&|;s|\.o$||'`;\
gcc -DHAVE_CONFIG_H -I.     -g -O2 -MT contrib/libtests/pngimage.o -MD -MP -MF $depbase.Tpo -c -o contrib/libtests/pngimage.o contrib/libtests/pngimage.c &&\
mv -f $depbase.Tpo $depbase.Po
/bin/sh ./libtool  --tag=CC   --mode=link gcc  -g -O2   -o pngimage contrib/libtests/pngimage.o libpng16.la -lm -lz -lm 
libtool: link: gcc -g -O2 -o .libs/pngimage contrib/libtests/pngimage.o  ./.libs/libpng16.so -lz -lm -Wl,-rpath -Wl,/usr/local/lib
depbase=`echo contrib/tools/pngcp.o | sed 's|[^/]*$|.deps/&|;s|\.o$||'`;\
gcc -DHAVE_CONFIG_H -I.     -g -O2 -MT contrib/tools/pngcp.o -MD -MP -MF $depbase.Tpo -c -o contrib/tools/pngcp.o contrib/tools/pngcp.c &&\
mv -f $depbase.Tpo $depbase.Po
/bin/sh ./libtool  --tag=CC   --mode=link gcc  -g -O2   -o pngcp contrib/tools/pngcp.o libpng16.la -lm -lz -lm 
libtool: link: gcc -g -O2 -o .libs/pngcp contrib/tools/pngcp.o  ./.libs/libpng16.so -lz -lm -Wl,-rpath -Wl,/usr/local/lib
depbase=`echo contrib/libtests/timepng.o | sed 's|[^/]*$|.deps/&|;s|\.o$||'`;\
gcc -DHAVE_CONFIG_H -I.     -g -O2 -MT contrib/libtests/timepng.o -MD -MP -MF $depbase.Tpo -c -o contrib/libtests/timepng.o contrib/libtests/timepng.c &&\
mv -f $depbase.Tpo $depbase.Po
/bin/sh ./libtool  --tag=CC   --mode=link gcc  -g -O2   -o timepng contrib/libtests/timepng.o libpng16.la -lm -lz -lm 
libtool: link: gcc -g -O2 -o .libs/timepng contrib/libtests/timepng.o  ./.libs/libpng16.so -lz -lm -Wl,-rpath -Wl,/usr/local/lib
make[1]: Leaving directory `/builddir/build/BUILD/pngquant-2.12.5/libpng'
+ export 'CFLAGS=-O2 -g -pipe -Wall -Wp,-D_FORTIFY_SOURCE=2 -fexceptions -fstack-protector-strong --param=ssp-buffer-size=4 -grecord-gcc-switches   -m64 -mtune=generic -fno-math-errno -funroll-loops -fomit-frame-pointer -fPIC'
+ CFLAGS='-O2 -g -pipe -Wall -Wp,-D_FORTIFY_SOURCE=2 -fexceptions -fstack-protector-strong --param=ssp-buffer-size=4 -grecord-gcc-switches   -m64 -mtune=generic -fno-math-errno -funroll-loops -fomit-frame-pointer -fPIC'
+ cd /builddir/build/BUILD/pngquant-2.12.5
+ ./configure --host=x86_64-redhat-linux-gnu --build=x86_64-redhat-linux-gnu --program-prefix= --disable-dependency-tracking --prefix=/usr --exec-prefix=/usr --bindir=/usr/bin --sbindir=/usr/sbin --sysconfdir=/etc --datadir=/usr/share --includedir=/usr/include --libdir=/usr/lib64 --libexecdir=/usr/libexec --localstatedir=/var --sharedstatedir=/var/lib --mandir=/usr/share/man --infodir=/usr/share/info --with-openmp --with-lcms2 --with-libimagequant
warning: unknown switch --host (see ./configure --help for the list)
warning: unknown switch --build (see ./configure --help for the list)
warning: unknown switch --program-prefix (see ./configure --help for the list)
warning: unknown switch --disable-dependency-tracking (see ./configure --help for the list)
warning: unknown switch --exec-prefix (see ./configure --help for the list)
warning: unknown switch --bindir (see ./configure --help for the list)
warning: unknown switch --sbindir (see ./configure --help for the list)
warning: unknown switch --sysconfdir (see ./configure --help for the list)
warning: unknown switch --datadir (see ./configure --help for the list)
warning: unknown switch --includedir (see ./configure --help for the list)
warning: unknown switch --libdir (see ./configure --help for the list)
warning: unknown switch --libexecdir (see ./configure --help for the list)
warning: unknown switch --localstatedir (see ./configure --help for the list)
warning: unknown switch --sharedstatedir (see ./configure --help for the list)
warning: unknown switch --mandir (see ./configure --help for the list)
warning: unknown switch --infodir (see ./configure --help for the list)
  Compiler: gcc
     Debug: no
       SSE: yes
    OpenMP: yes
imagequant: shared (2.12.5)
    libpng: static (1.6.37)
      zlib: shared (1.2.7)
     lcms2: shared (2.6)
+ /usr/bin/make -j2
gcc -O2 -g -pipe -Wall -Wp,-D_FORTIFY_SOURCE=2 -fexceptions -fstack-protector-strong --param=ssp-buffer-size=4 -grecord-gcc-switches   -m64 -mtune=generic -fno-math-errno -funroll-loops -fomit-frame-pointer -fPIC -std=c99 -I. -O3 -DNDEBUG -DUSE_SSE=1 -msse -mfpmath=sse -fopenmp   -I./libpng     -DUSE_LCMS=1 -fexcess-precision=fast   -c -o pngquant.o pngquant.c
gcc -O2 -g -pipe -Wall -Wp,-D_FORTIFY_SOURCE=2 -fexceptions -fstack-protector-strong --param=ssp-buffer-size=4 -grecord-gcc-switches   -m64 -mtune=generic -fno-math-errno -funroll-loops -fomit-frame-pointer -fPIC -std=c99 -I. -O3 -DNDEBUG -DUSE_SSE=1 -msse -mfpmath=sse -fopenmp   -I./libpng     -DUSE_LCMS=1 -fexcess-precision=fast   -c -o pngquant_opts.o pngquant_opts.c
gcc -O2 -g -pipe -Wall -Wp,-D_FORTIFY_SOURCE=2 -fexceptions -fstack-protector-strong --param=ssp-buffer-size=4 -grecord-gcc-switches   -m64 -mtune=generic -fno-math-errno -funroll-loops -fomit-frame-pointer -fPIC -std=c99 -I. -O3 -DNDEBUG -DUSE_SSE=1 -msse -mfpmath=sse -fopenmp   -I./libpng     -DUSE_LCMS=1 -fexcess-precision=fast   -c -o rwpng.o rwpng.c
gcc pngquant.o pngquant_opts.o rwpng.o -O2 -g -pipe -Wall -Wp,-D_FORTIFY_SOURCE=2 -fexceptions -fstack-protector-strong --param=ssp-buffer-size=4 -grecord-gcc-switches   -m64 -mtune=generic -fno-math-errno -funroll-loops -fomit-frame-pointer -fPIC -std=c99 -I. -O3 -DNDEBUG -DUSE_SSE=1 -msse -mfpmath=sse -fopenmp   -I./libpng     -DUSE_LCMS=1 -fexcess-precision=fast -fopenmp -limagequant   ./libpng/.libs/libpng16.a -lz   -llcms2   -lm -o pngquant
+ exit 0
Executing(%install): /bin/sh -e /var/tmp/rpm-tmp.7LHXMn
+ umask 022
+ cd /builddir/build/BUILD
+ '[' /builddir/build/BUILDROOT/pngquant-2.12.5-1.el7.x86_64 '!=' / ']'
+ rm -rf /builddir/build/BUILDROOT/pngquant-2.12.5-1.el7.x86_64
++ dirname /builddir/build/BUILDROOT/pngquant-2.12.5-1.el7.x86_64
+ mkdir -p /builddir/build/BUILDROOT
+ mkdir /builddir/build/BUILDROOT/pngquant-2.12.5-1.el7.x86_64
+ cd pngquant-2.12.5
+ /usr/bin/make install DESTDIR=/builddir/build/BUILDROOT/pngquant-2.12.5-1.el7.x86_64
mkdir -p '/builddir/build/BUILDROOT/pngquant-2.12.5-1.el7.x86_64/usr/bin'
mkdir -p '/builddir/build/BUILDROOT/pngquant-2.12.5-1.el7.x86_64/usr/share/man/man1'
install -m 0755 -p 'pngquant' '/builddir/build/BUILDROOT/pngquant-2.12.5-1.el7.x86_64/usr/bin/pngquant'
install -m 0644 -p 'pngquant.1' '/builddir/build/BUILDROOT/pngquant-2.12.5-1.el7.x86_64/usr/share/man/man1/'
+ /usr/lib/rpm/find-debuginfo.sh --strict-build-id -m --run-dwz --dwz-low-mem-die-limit 10000000 --dwz-max-die-limit 110000000 /builddir/build/BUILD/pngquant-2.12.5
extracting debug info from /builddir/build/BUILDROOT/pngquant-2.12.5-1.el7.x86_64/usr/bin/pngquant
dwz: Too few files for multifile optimization
/usr/lib/rpm/sepdebugcrcfix: Updated 1 CRC32s, 0 CRC32s did match.
2519 blocks
+ /usr/lib/rpm/check-buildroot
+ /usr/lib/rpm/redhat/brp-compress
+ /usr/lib/rpm/redhat/brp-strip-static-archive /usr/bin/strip
+ /usr/lib/rpm/brp-python-bytecompile /usr/bin/python 1
+ /usr/lib/rpm/redhat/brp-python-hardlink
+ /usr/lib/rpm/redhat/brp-java-repack-jars
Executing(%check): /bin/sh -e /var/tmp/rpm-tmp.L3MfLM
+ umask 022
+ cd /builddir/build/BUILD
+ cd pngquant-2.12.5
+ /usr/bin/make -j2 test
gcc -O2 -g -pipe -Wall -Wp,-D_FORTIFY_SOURCE=2 -fexceptions -fstack-protector-strong --param=ssp-buffer-size=4 -grecord-gcc-switches   -m64 -mtune=generic -fno-math-errno -funroll-loops -fomit-frame-pointer -fPIC -std=c99 -I. -O3 -DNDEBUG -DUSE_SSE=1 -msse -mfpmath=sse -fopenmp   -I./libpng     -DUSE_LCMS=1 -fexcess-precision=fast   -c -o test/test.o test/test.c
gcc test/test.o -O2 -g -pipe -Wall -Wp,-D_FORTIFY_SOURCE=2 -fexceptions -fstack-protector-strong --param=ssp-buffer-size=4 -grecord-gcc-switches   -m64 -mtune=generic -fno-math-errno -funroll-loops -fomit-frame-pointer -fPIC -std=c99 -I. -O3 -DNDEBUG -DUSE_SSE=1 -msse -mfpmath=sse -fopenmp   -I./libpng     -DUSE_LCMS=1 -fexcess-precision=fast -fopenmp -limagequant   ./libpng/.libs/libpng16.a -lz   -llcms2   -lm -o test/test
LD_LIBRARY_PATH='' ./test/test.sh ./test pngquant test/test
2.12.5 (July 2019)
should skip due to filesize
OK
+ exit 0
Processing files: pngquant-2.12.5-1.el7.x86_64
Executing(%doc): /bin/sh -e /var/tmp/rpm-tmp.UOnwEf
+ umask 022
+ cd /builddir/build/BUILD
+ cd pngquant-2.12.5
+ DOCDIR=/builddir/build/BUILDROOT/pngquant-2.12.5-1.el7.x86_64/usr/share/doc/pngquant-2.12.5
+ export DOCDIR
+ /usr/bin/mkdir -p /builddir/build/BUILDROOT/pngquant-2.12.5-1.el7.x86_64/usr/share/doc/pngquant-2.12.5
+ cp -pr README.md /builddir/build/BUILDROOT/pngquant-2.12.5-1.el7.x86_64/usr/share/doc/pngquant-2.12.5
+ cp -pr CHANGELOG /builddir/build/BUILDROOT/pngquant-2.12.5-1.el7.x86_64/usr/share/doc/pngquant-2.12.5
+ exit 0
Executing(%license): /bin/sh -e /var/tmp/rpm-tmp.nz3ACI
+ umask 022
+ cd /builddir/build/BUILD
+ cd pngquant-2.12.5
+ LICENSEDIR=/builddir/build/BUILDROOT/pngquant-2.12.5-1.el7.x86_64/usr/share/licenses/pngquant-2.12.5
+ export LICENSEDIR
+ /usr/bin/mkdir -p /builddir/build/BUILDROOT/pngquant-2.12.5-1.el7.x86_64/usr/share/licenses/pngquant-2.12.5
+ cp -pr COPYRIGHT /builddir/build/BUILDROOT/pngquant-2.12.5-1.el7.x86_64/usr/share/licenses/pngquant-2.12.5
+ exit 0
Provides: pngquant = 2.12.5-1.el7 pngquant(x86-64) = 2.12.5-1.el7
Requires(rpmlib): rpmlib(CompressedFileNames) <= 3.0.4-1 rpmlib(FileDigests) <= 4.6.0-1 rpmlib(PayloadFilesHavePrefix) <= 4.0-1
Requires: libc.so.6()(64bit) libc.so.6(GLIBC_2.11)(64bit) libc.so.6(GLIBC_2.14)(64bit) libc.so.6(GLIBC_2.2.5)(64bit) libc.so.6(GLIBC_2.3.4)(64bit) libc.so.6(GLIBC_2.4)(64bit) libgcc_s.so.1()(64bit) libgcc_s.so.1(GCC_3.3.1)(64bit) libgomp.so.1()(64bit) libgomp.so.1(GOMP_1.0)(64bit) libgomp.so.1(OMP_1.0)(64bit) libimagequant.so.0()(64bit) liblcms2.so.2()(64bit) libm.so.6()(64bit) libm.so.6(GLIBC_2.2.5)(64bit) libpthread.so.0()(64bit) libpthread.so.0(GLIBC_2.2.5)(64bit) libz.so.1()(64bit) libz.so.1(ZLIB_1.2.3.4)(64bit) rtld(GNU_HASH)
Processing files: pngquant-debuginfo-2.12.5-1.el7.x86_64
Provides: pngquant-debuginfo = 2.12.5-1.el7 pngquant-debuginfo(x86-64) = 2.12.5-1.el7
Requires(rpmlib): rpmlib(FileDigests) <= 4.6.0-1 rpmlib(PayloadFilesHavePrefix) <= 4.0-1 rpmlib(CompressedFileNames) <= 3.0.4-1
Checking for unpackaged file(s): /usr/lib/rpm/check-files /builddir/build/BUILDROOT/pngquant-2.12.5-1.el7.x86_64
Wrote: /builddir/build/RPMS/pngquant-2.12.5-1.el7.x86_64.rpm
Wrote: /builddir/build/RPMS/pngquant-debuginfo-2.12.5-1.el7.x86_64.rpm
Executing(%clean): /bin/sh -e /var/tmp/rpm-tmp.FECUec
+ umask 022
+ cd /builddir/build/BUILD
+ cd pngquant-2.12.5
+ /usr/bin/rm -rf /builddir/build/BUILDROOT/pngquant-2.12.5-1.el7.x86_64
+ exit 0
Child return code was: 0
