gpg-pubkey-352c64e5-52ae6884 1387161732 0 (none) installed
centos-release-7-7.1908.0.el7.centos.x86_64 1567688740 42295 ad92eb23d25be6e74a75e87c7b6da571 installed
filesystem-3.2-25.el7.x86_64 1523422829 0 93e1c91a2dbd4d3ac61fb70a40a7c228 installed
python-rpm-macros-3-32.el7.noarch 1565172660 4235 0ed556b79c3795a27b35d29123fa7c4e installed
ncurses-base-5.9-14.20130511.el7_4.noarch 1504735709 223432 c955fdfe1f8f20b1053a34918e44bd58 installed
kernel-headers-3.10.0-1062.4.3.el7.x86_64 1573690765 3898738 f11ea92f8630f238331b9da2b196dd93 installed
tzdata-2019c-1.el7.noarch 1569497653 2018657 e230c484b781fa1465d08f878590fc4a installed
glibc-common-2.17-292.el7.x86_64 1565133824 120326282 d87e9ca1c5ccf82198b3e83cb3b9603f installed
nspr-4.21.0-1.el7.x86_64 1565313400 287576 41458dfcd407295e744f57afba02157f installed
libstdc++-4.8.5-39.el7.x86_64 1565111738 1077442 0e9e016e958166d5317b55ed6e7dde7c installed
bash-4.2.46-33.el7.x86_64 1565266161 3667788 672f86fc5847037ebae4bf53c9779e92 installed
pcre-8.32-17.el7.x86_64 1501643292 1475532 04a1926cc29eef0f79f8183eb7907024 installed
zlib-1.2.7-18.el7.x86_64 1540931080 185294 063a85f8271de9b41e9ac9657962e3ec installed
bzip2-libs-1.0.6-13.el7.x86_64 1447995892 70093 0486f0b02e0caa4195761266798e7a26 installed
elfutils-libelf-0.176-2.el7.x86_64 1565306185 916230 0405835323142c6902bb6ef505fd3507 installed
sed-4.2.2-5.el7.x86_64 1402362115 601208 4d696dbd3061493258490f40c625adba installed
popt-1.13-16.el7.x86_64 1402373003 88516 87f5d6bac8f205fb14e2072e4b47ce23 installed
libacl-2.2.51-14.el7.x86_64 1523407284 37056 c3243d728de0ad95e0c05230e6463bdd installed
readline-6.2-11.el7.x86_64 1565266059 460424 f45c914245b90ee8c80c08740ef19837 installed
libgcrypt-1.5.3-14.el7.x86_64 1501689307 597727 88c64dc7c3aed6a156e4dee5def38300 installed
chkconfig-1.7.4-1.el7.x86_64 1501854351 779531 e126177e9ac5841deca96f4e15340613 installed
grep-2.20-3.el7.x86_64 1501743524 1195131 92bc957d1c4fc3764e134d8f82544abe installed
libuuid-2.23.2-61.el7.x86_64 1565320220 20278 6f01f53047a7f5f11ff614c8b66fdcc0 installed
libmpc-1.0.1-3.el7.x86_64 1402343098 113833 835abbe42dbf1e0f94d227d54c01f483 installed
cpio-2.11-27.el7.x86_64 1523404312 689335 32498692f82296d51663586f08cebafc installed
diffutils-3.3-5.el7.x86_64 1565305900 1065607 afe3eb85e5b7d459bf99dd4dae0863c9 installed
file-libs-5.11-35.el7.x86_64 1540923383 3076831 3037fd1f781186bcb0fb919b2aa78f54 installed
libcap-ng-0.7.5-4.el7.x86_64 1448001510 50510 84efa5ca78408f78e606e7c8d1816759 installed
p11-kit-0.23.5-3.el7.x86_64 1501889820 1337825 9a0f49ca3b6d58aeb05780003cae38f1 installed
nss-softokn-3.44.0-5.el7.x86_64 1565621240 1188606 2ad68817db5774821107712d28ca2018 installed
lz4-1.7.5-3.el7.x86_64 1565311535 366856 571512c5c85e46b982e4839a327a8706 installed
file-5.11-35.el7.x86_64 1540923383 67448 d993604425647d31a529f678397db7a4 installed
pinentry-0.8.1-17.el7.x86_64 1478360967 159929 740fabe008451f11fee22ff086fb13d3 installed
acl-2.2.51-14.el7.x86_64 1523407284 201225 885771078c3fe1efa43e3e5e0f2b5246 installed
groff-base-1.22.2-8.el7.x86_64 1402345046 3453946 591d2a12420abc9fa9934414fc0987f4 installed
perl-HTTP-Tiny-0.033-3.el7.noarch 1402347217 97210 6133c7c1aee2bfeee269de4592b25884 installed
perl-Pod-Perldoc-3.20-4.el7.noarch 1402388270 166910 29a8a33b24ddf4e0e95ad8d2484cc277 installed
perl-Text-ParseWords-3.29-4.el7.noarch 1402348486 16431 58a96328cb0e6dd435d15af542467a38 installed
perl-Pod-Usage-1.63-3.el7.noarch 1402390579 44671 1db34851ba13011739022f031438e15c installed
perl-Socket-2.010-4.el7.x86_64 1478359491 114497 5cda40abac38b41918352e9c75a1e651 installed
perl-Time-HiRes-4:1.9725-3.el7.x86_64 1402343844 94069 43f7c93d02750221738a8c3bc845a1ca installed
perl-Carp-1.26-244.el7.noarch 1402362759 28276 0f9ffc1d8836311235869048667422e9 installed
perl-Exporter-5.68-3.el7.noarch 1402373350 56612 d6e7deb74b149e4b7aa23a998a127bb4 installed
perl-Time-Local-1.2300-2.el7.noarch 1402342290 44062 8dba0f2d49849dc3990cfc9e91d5ec6b installed
perl-File-Temp-0.23.01-3.el7.noarch 1402383789 158781 396b0a1af3a203e1cb33c98814d5a6d8 installed
perl-PathTools-3.40-5.el7.x86_64 1402373476 174131 c597987071b0f81a0029667e83e1ecae installed
perl-Scalar-List-Utils-1.27-248.el7.x86_64 1402358220 67994 2fb261c150fc06b1a978809c5a9c706e installed
perl-Getopt-Long-2.40-3.el7.noarch 1523406856 134846 e4fc3f2fed36897ae178ecd5d9475217 installed
perl-Thread-Queue-3.02-2.el7.noarch 1402347633 27642 29d052232cb1b86133bd838739672a15 installed
dwz-0.11-3.el7.x86_64 1402363547 225103 28a047bc76d0ad80e6938a94898129ca installed
libxml2-2.9.1-6.el7_2.3.x86_64 1466692601 1710062 e439b8934c4e9576eccfbc60d3cd714f installed
bzip2-1.0.6-13.el7.x86_64 1447995892 83791 704f597825711270b0ba2af51bebecae installed
libidn-1.28-4.el7.x86_64 1448125248 630407 3d582106ac1032c59c1cd4236e5d6415 installed
glibc-headers-2.17-292.el7.x86_64 1565133824 2339702 3e011645f62fd81a055b8f2d52a70218 installed
ncurses-5.9-14.20130511.el7_4.x86_64 1504735709 439378 8ca93e2831102818759a22e22e871268 installed
pth-2.0.7-23.el7.x86_64 1448007112 267851 2d6939b73767d0f96b02677bcbeef2e2 installed
libsemanage-2.5-14.el7.x86_64 1540943073 302329 95dadf0074c4bbd2d63b0c6d5e6922fa installed
libtasn1-4.10-1.el7.x86_64 1501633297 424486 5bd1b0b4094fac08713f986572a8625e installed
ca-certificates-2018.2.22-70.0.el7_5.noarch 1526445368 973960 a95373fc5273e7c757a240316d4430b9 installed
libsmartcols-2.23.2-61.el7.x86_64 1565320220 168712 30315a57bcc9cf8f9c9d63ff3246c293 installed
keyutils-libs-1.5.8-3.el7.x86_64 1402366675 42138 e31fa37a714787d3d72e0a9316c3a85b installed
openssl-libs-1:1.0.2k-19.el7.x86_64 1565314802 3208684 ce0059d5467cc5e75cfeab3e50875d51 installed
gzip-1.5-10.el7.x86_64 1523404878 250440 adcb4df7dfe7866e38b5bf42d54d63ae installed
libmount-2.23.2-61.el7.x86_64 1565320220 278157 c772466fe7edf9df58f4a6b78ddf2536 installed
shared-mime-info-1.8-4.el7.x86_64 1523407023 2379317 167b39408a8c5705f135e968174e2229 installed
shadow-utils-2:4.6-5.el7.x86_64 1565319063 3887289 975b2bbe58a4f03ef8c9b8159b59af7f installed
cracklib-dicts-2.9.0-11.el7.x86_64 1402378933 9389116 da657b0facf181893f9a38437092dbbf installed
libpwquality-1.2.3-5.el7.x86_64 1523419099 332421 e40a69f0a1803dfa3736aba2c8ea1fb4 installed
gcc-4.8.5-39.el7.x86_64 1565111738 39238933 615b15a96bd06ebc3212215934118861 installed
cyrus-sasl-lib-2.1.26-23.el7.x86_64 1523420459 396911 6d06f1337b143c25bc7358255d433006 installed
gdb-7.6.1-115.el7.x86_64 1565307410 7371363 61d46c514c0bb6780df27c529d8d9d3c installed
nss-pem-1.0.3-7.el7.x86_64 1565313390 205531 fcbeb88a2197423614ddfab41ef55cbe installed
nss-sysinit-3.44.0-4.el7.x86_64 1565629357 14111 66ac0f757b895fb6e183ae792aefad9b installed
libcurl-7.29.0-54.el7.x86_64 1565265731 439320 7980dc9d23dc5d8d26a0a9a0285ea83b installed
rpm-libs-4.11.3-40.el7.x86_64 1565131854 611456 54bafe64629f161b71c5c920d001f73d installed
openldap-2.4.44-21.el7_6.x86_64 1548783821 1037424 0ccf548b74498ba6b9762498609de967 installed
gnupg2-2.0.22-5.el7_5.x86_64 1531487214 6637796 a293dfefd6596bfe5c54ba68377e334e installed
redhat-rpm-config-9.1.0-88.el7.centos.noarch 1565130322 174572 39bd397ca4fd5470144024e5e7531bd1 installed
util-linux-2.23.2-61.el7.x86_64 1565320220 8482880 0d91c9dea330d00025e42ce249aa3d0c installed
device-mapper-7:1.02.158-2.el7_7.2.x86_64 1571414726 340425 bfdb5a4d349e37f21552a5cbf5ebd0e5 installed
device-mapper-libs-7:1.02.158-2.el7_7.2.x86_64 1571414726 400543 306b517ed29ce34fa58e590923b7eb6b installed
dracut-033-564.el7.x86_64 1565306074 904892 56841dac0875661e21561e4d0e041787 installed
elfutils-libs-0.176-2.el7.x86_64 1565306185 809871 2ea54727f2fc5984ecce17960817c447 installed
dbus-libs-1:1.10.24-13.el7_6.x86_64 1552558693 362560 fb6160e7a64e84e0fb6ff86271623f41 installed
elfutils-default-yama-scope-0.176-2.el7.noarch 1565306185 1810 c9b7094df65e2539a08d42b90d70423e installed
elfutils-0.176-2.el7.x86_64 1565306185 828313 c945a93817946833d2f505dfed7282cf installed
gcc-c++-4.8.5-39.el7.x86_64 1565111738 17265731 24c4f7426ece5f61dfdba21dc1585d90 installed
make-1:3.82-24.el7.x86_64 1565311645 1160660 c05a8addeca9104ca654b2019a664428 installed
epel-release-7-12.noarch 1568762800 25032 cdb89be3a52342218282d6dcb289f48e installed
python-2.7.5-86.el7.x86_64 1565140538 80907 e4766720039304904bcef906a8d6bf62 installed
python-IPy-0.75-6.el7.noarch 1402384709 121946 21be4d5d974076d9817cd9cc616eef0f installed
libselinux-python-2.5-14.1.el7.x86_64 1540935786 603236 cfbad05c1a681e59c0b59d2bfa6663ab installed
libselinux-utils-2.5-14.1.el7.x86_64 1540935786 172645 4480bb426dabc45b7b5fd5f4f6a45a52 installed
lcms2-2.6-3.el7.x86_64 1478369155 377192 b0922952f79e6678c0cca8095a909a52 installed
libimagequant-2.12.5-1.el7.x86_64 1568394344 130365 261d1808349b890c5a786a3d0c80f401 installed
scl-utils-20130529-19.el7.x86_64 1540927077 25141 c8feffb6b8bbcf34c2f20ad60ae1cf41 installed
policycoreutils-python-2.5-33.el7.x86_64 1565315255 1304826 9a3593b0873fe24bda69f496df0756ad installed
devtoolset-7-binutils-2.28-11.el7.x86_64 1526380981 22415642 14630200a0bc26a0e7edb49722d2b028 installed
libpng-devel-2:1.5.13-7.el7_2.x86_64 1449678680 216267 ce0bee9bad720d02a716b4c49471bfcb installed
lcms2-devel-2.6-3.el7.x86_64 1478369155 2467570 cfa1cf0e1cca39846775ad1cb3fcb035 installed
gpg-pubkey-f4a80eb5-53a7ff4b 1403518795 0 (none) installed
libgcc-4.8.5-39.el7.x86_64 1565111738 179328 c9ccf5ab44b2e98109ee7b1b3a92729a installed
setup-2.8.71-10.el7.noarch 1540928891 696893 df4a32b192e93cc82ed77e10d204ce98 installed
python-srpm-macros-3-32.el7.noarch 1565172660 3747 9ff6ee108e8bbe1d91badfe1798e213a installed
basesystem-10.0-7.el7.centos.noarch 1403865430 0 778eb3d19a934f42d1354ed795d06b4f installed
perl-srpm-macros-1-8.el7.noarch 1402343091 794 6bd0791a143b53addc95cbeb050859c8 installed
python2-rpm-macros-3-32.el7.noarch 1565172660 1495 c99c497760aa4b6514e3ee7dff5dd5fa installed
nss-softokn-freebl-3.44.0-5.el7.x86_64 1565621240 569644 8a745de118c0dfd43f3c1fa1c4b2bc6e installed
glibc-2.17-292.el7.x86_64 1565133824 14101347 bb6fbfec2a2583a2cbcbfe3bcc357fd3 installed
nss-util-3.44.0-3.el7.x86_64 1565360053 198960 a2b632f079b8ff316c57840ebc7ee4fc installed
ncurses-libs-5.9-14.20130511.el7_4.x86_64 1504735709 1028216 bba677eda5184b5127b7817d2c1dec12 installed
libsepol-2.5-10.el7.x86_64 1540935375 686640 cb2c225685a559d68fdb0e07f9b488a2 installed
libselinux-2.5-14.1.el7.x86_64 1540935786 217874 36462311e16b3aafc9f29bbaa00bfb6e installed
info-5.1-5.el7.x86_64 1523408616 494630 e1f75e40cf956ed3efe7b49c5f6939ec installed
xz-libs-5.2.2-1.el7.x86_64 1478359687 239967 7701c542dc8fcd5a38ee52e8786d7cf4 installed
libdb-5.3.21-25.el7.x86_64 1565309918 1858144 1be9acf59aae36003d65af028af67ebf installed
gmp-1:6.0.0-15.el7.x86_64 1501722795 657046 4cd60ebf94766a46c590e17036ece777 installed
libattr-2.4.46-13.el7.x86_64 1523407244 19896 209b05c7b77a33a4cc176077945833e8 installed
libcap-2.22-10.el7.x86_64 1565309565 107365 ad5f34467db167899452970efbaa2a57 installed
libgpg-error-1.12-3.el7.x86_64 1402390008 350865 a3933d4ce43c07fa9305e8765d78d099 installed
lua-5.1.4-15.el7.x86_64 1478400455 640319 d5973eb7ca2bb665f5fbb7141f2e27a3 installed
mpfr-3.1.1-4.el7.x86_64 1402362714 554279 4cedb227fd4730529b0874792007692b installed
libffi-3.0.13-18.el7.x86_64 1478363428 47766 f05f7a3749342b925fa10ca7de2f0116 installed
libcom_err-1.42.9-16.el7.x86_64 1565306391 60489 629303fdf7176e8d6f96af6c64746241 installed
xz-5.2.2-1.el7.x86_64 1478359687 798130 3e6f05008f7af7931aa8257964527f1a installed
gawk-4.0.2-4.el7_3.1.x86_64 1498686770 2435978 5efa8feaeb12d57cda1a9bcd9c8af917 installed
findutils-1:4.5.11-6.el7.x86_64 1540917834 1855882 162b03172dee0f90443197d424bc9be0 installed
expat-2.1.0-10.el7_3.x86_64 1480372020 208315 9c5fdceee3715ad8a1b3a9dd711d5b79 installed
audit-libs-2.8.5-4.el7.x86_64 1565265980 256386 9d116ad6305cd827bdca472b2add8932 installed
sqlite-3.7.17-8.el7.x86_64 1448009159 814231 0ceb9434c5a9d281399583087cfe889b installed
tar-2:1.26-35.el7.x86_64 1540931349 2838510 28f3087e5b512d8cc05e3a8a65727686 installed
gdbm-1.10-8.el7.x86_64 1402349948 184322 770bd49f3898dc1cc831fb9ec12d569a installed
cpp-4.8.5-39.el7.x86_64 1565111738 15653045 9bac1cfda72e7fd7633d73dc58bd6277 installed
libassuan-2.1.0-3.el7.x86_64 1402341240 155391 c4c94aadc9da58f576b4ef238d0136cb installed
patch-2.7.1-12.el7_7.x86_64 1571788780 215353 9a704b9a2dde0e91be95a333d8d12efb installed
perl-parent-1:0.225-244.el7.noarch 1402384520 8141 d902f1a3426caa19ccbccf09263c54f6 installed
perl-podlators-2.5.1-3.el7.noarch 1402343776 287679 8e070dd716e3adf3c297291accaa4348 installed
perl-Pod-Escapes-1:1.04-294.el7_6.noarch 1548109064 21091 ad4d7216b06eb48942c30d4bc2b09755 installed
perl-Encode-2.51-7.el7.x86_64 1402368585 10176350 713ce27ff4434807ff7060b333ed8873 installed
perl-libs-4:5.16.3-294.el7_6.x86_64 1548108740 1647344 669be9d414caaf85799b0dfa644c4e81 installed
perl-Storable-2.45-3.el7.x86_64 1402367398 181031 25787b4b609f3ee50d1c7f33d29e0102 installed
perl-threads-1.87-4.el7.x86_64 1402377734 98615 29739d2f766c8bd85e85de9f8ccb7367 installed
perl-Filter-1.49-3.el7.x86_64 1402353954 148475 66b1205b2eef2a89137e530741ed3710 installed
perl-constant-1.27-2.el7.noarch 1402368682 26364 f3ecfa1ce48e13496322e341a3f0b72c installed
perl-macros-4:5.16.3-294.el7_6.x86_64 1548108740 5134 7c63786a9688ac528e398b27e86198d8 installed
perl-File-Path-2.09-2.el7.noarch 1402361289 50067 94d54ef6ce6893ae2a4400c4b0ce79b7 installed
perl-threads-shared-1.43-6.el7.x86_64 1402380447 73972 cd3e1ec9dfe8b5e9121fcd53b41aa197 installed
perl-Pod-Simple-1:3.28-4.el7.noarch 1402365613 538320 8e5edeb936a154537062b776eb41cb7d installed
perl-4:5.16.3-294.el7_6.x86_64 1548108740 23552128 547b1d620cedc114b9a1a681c1f2a4bd installed
libdb-utils-5.3.21-25.el7.x86_64 1565309918 322471 75032d455ebe208a62eef3f2b83af865 installed
kmod-libs-20-25.el7.x86_64 1565309158 91800 a97f6db72aeefb6dc61b6e7beee460c8 installed
unzip-6.0-20.el7.x86_64 1565320143 373994 9ad6f7d83a7b92184997646b51687e13 installed
zip-3.0-11.el7.x86_64 1478364595 815173 f49ae6270a053005b67e417123691ca7 installed
libgomp-4.8.5-39.el7.x86_64 1565111738 212184 806e489a7b9987fd80144bf15d46314e installed
glibc-devel-2.17-292.el7.x86_64 1565133824 1066078 92b67efe60a7201f28240b3be15119d8 installed
libstdc++-devel-4.8.5-39.el7.x86_64 1565111738 8436804 1d10c642e8c341e5dc2de7b85c51174d installed
ustr-1.0.4-16.el7.x86_64 1402344766 285943 58bb2ebb64b048e24a4c7d5d51170f55 installed
libverto-0.2.5-4.el7.x86_64 1402386261 23060 341bae036f22ce087486f4d9e180caee installed
p11-kit-trust-0.23.5-3.el7.x86_64 1501889820 437261 2dc2f7ab212401098e8821ce23f21741 installed
hardlink-1:1.0-19.el7.x86_64 1402381564 16545 3a1bcd8e12bbdbced75d74b5919a039a installed
qrencode-libs-3.4.1-3.el7.x86_64 1402343131 126732 ac1de0c46bc1886e12ea80771951cde2 installed
coreutils-8.22-24.el7.x86_64 1566282446 14593469 8b54fcac5e10960488e102cf9fd9d229 installed
krb5-libs-1.15.1-37.el7_7.2.x86_64 1568398062 2201033 43af3bb67abc7913b433ede89256c9ff installed
libblkid-2.23.2-61.el7.x86_64 1565320220 265949 b1245f12bdb1b455d79808a58f6e2927 installed
glib2-2.56.1-5.el7.x86_64 1565307500 12170073 2e2b4c1bd236fdcbcde250df2cafbec4 installed
cracklib-2.9.0-11.el7.x86_64 1402378933 209610 a973d883d6785904e49266428bb3ed90 installed
binutils-2.27-41.base.el7_7.1.x86_64 1571415256 25148659 6de3b69afbabfe62e4267e7dccf51819 installed
pam-1.1.8-22.el7.x86_64 1523416935 2630324 dce355546c72f1425dc04fd64c9bc664 installed
pkgconfig-1:0.27.1-4.el7.x86_64 1402351548 105522 ef58117c9c617599952c0642ff5e8d00 installed
libutempter-1.1.6-4.el7.x86_64 1402365826 49749 8e28747e6a84b84af7d78c84cd8cd5e8 installed
python-libs-2.7.5-86.el7.x86_64 1565140538 24715873 b883b82753c1ad8f6c4301a7919c9940 installed
libssh2-1.8.0-3.el7.x86_64 1565310709 191464 b1dc97e8114d303d72345c47e8eaace1 installed
nss-3.44.0-4.el7.x86_64 1565629357 2475794 bcd4c5f67761b7facd058398e922b934 installed
nss-tools-3.44.0-4.el7.x86_64 1565629357 2106883 b626eecb58b124df1392ced4401f2522 installed
curl-7.29.0-54.el7.x86_64 1565265731 540460 283a172155bd7a6af2b4fe45a7969987 installed
rpm-4.11.3-40.el7.x86_64 1565131854 2622933 937f44e70020640845bba23478f7c4f7 installed
libuser-0.60-9.el7.x86_64 1523558694 1952592 8fdd92e668b91208dfd916ebdce8a297 installed
rpm-build-libs-4.11.3-40.el7.x86_64 1565131854 166776 01059a55557371e33c098d9218a7423b installed
json-c-0.11-4.el7_0.x86_64 1403612338 65593 62bcb642b82d3b3aeb99ba9ba1b40715 installed
kpartx-0.4.9-127.el7.x86_64 1565305726 41363 6a066e379c3be5bab9503a43a874f844 installed
procps-ng-3.3.10-26.el7_7.1.x86_64 1571414892 759403 ee23798c57653e46e672de1bcb7cab23 installed
cryptsetup-libs-2.0.3-5.el7.x86_64 1565305661 1219599 0b40bbe52759a44bc41fcb8eb70e28c5 installed
kmod-20-25.el7.x86_64 1565309158 246109 c5c90e02ffd48a386b57a7b60d77f0a5 installed
systemd-libs-219-67.el7_7.2.x86_64 1571417346 1258408 dbe24fe673a8d170ce6275656befb0a8 installed
systemd-219-67.el7_7.2.x86_64 1571417346 24404430 4b82bda697a051a087b86c303ac3553f installed
dbus-1:1.10.24-13.el7_6.x86_64 1552558693 595216 42767e264af30fb41bfe0176a668b979 installed
rpm-build-4.11.3-40.el7.x86_64 1565131854 331820 874191354f27c063fc01b4a7710489dc installed
which-2.20-7.el7.x86_64 1402367122 76962 5b0eff1739daa46a80e9908f39167c29 installed
epel-rpm-macros-7-23.noarch 1571771485 25048 97d1c4ed6414149ff94c3bcce0783638 installed
gpg-pubkey-f2ee9d55-560cfc0a 1443691530 0 (none) installed
audit-libs-python-2.8.5-4.el7.x86_64 1565265980 323427 2dd0528351a01cd66c7092c91e0cf8c5 installed
libsemanage-python-2.5-14.el7.x86_64 1540943073 451817 44967d0d996064547841a4572ef0f9fb installed
libcgroup-0.41-21.el7.x86_64 1565309664 137130 67a760e519a542c16d114ae7b783a207 installed
policycoreutils-2.5-33.el7.x86_64 1565315255 5329482 7f4714c058af7b89d998b1611d0efc12 installed
setools-libs-3.3.8-4.el7.x86_64 1541174023 1917790 d25e0add9591f438d7e1b6d313f67352 installed
zlib-devel-1.2.7-18.el7.x86_64 1540931080 135536 b2cb796d4a3938d3659cd6cd89584e57 installed
checkpolicy-2.5-8.el7.x86_64 1540936119 1288327 a42deadeddfdef88930f5ebcb6e21c8e installed
devtoolset-7-runtime-7.1-4.el7.x86_64 1526376132 3294 0cccc9b6a2175140f737a726d741f2d8 installed
libpng-2:1.5.13-7.el7_2.x86_64 1449678680 616101 f474205e2ea2073937a95b3c55741e46 installed
libimagequant-devel-2.12.5-1.el7.x86_64 1568394344 7247 7ebf2483e85923b90ebfc3b23b151da6 installed
devtoolset-7-gcc-7.3.1-5.16.el7.x86_64 1568372824 70513702 ad8316bb3aadd776cbc4eb5884109f58 installed
